<?xml version="1.0" encoding="UTF-8"?>
<!-- Generated by org.testng.reporters.JUnitReportReporter -->
<testsuite hostname="Siddhesh-Lad" failures="0" tests="3" name="api.test.UnixTimeConversionTest" time="2.193" errors="0" timestamp="2023-05-19T12:16:42 VUT" skipped="0">
  <testcase classname="api.test.UnixTimeConversionTest" name="testConvertFromUnixTimeStampToDate" time="0.248"/>
  <system-out/>
  <testcase classname="api.test.UnixTimeConversionTest" name="testConvertFromDateToUnixTimeStamp" time="1.681"/>
  <system-out/>
  <testcase classname="api.test.UnixTimeConversionTest" name="testInvalidDateString" time="0.264"/>
  <system-out/>
</testsuite> <!-- api.test.UnixTimeConversionTest -->
