<?xml version="1.0" encoding="UTF-8"?>
<!-- Generated by org.testng.reporters.JUnitReportReporter -->
<testsuite hostname="Siddhesh-Lad" failures="0" tests="3" name="api.test.UnixTimeConversionTest" time="3.267" errors="0" timestamp="2023-05-19T12:10:38 VUT" skipped="0">
  <testcase classname="api.test.UnixTimeConversionTest" name="testConvertFromDateToUnixTimeStamp" time="1.734"/>
  <system-out/>
  <testcase classname="api.test.UnixTimeConversionTest" name="testConvertFromUnixTimeStampToDate" time="0.288"/>
  <system-out/>
  <testcase classname="api.test.UnixTimeConversionTest" name="testInvalidDateString" time="1.245"/>
  <system-out/>
</testsuite> <!-- api.test.UnixTimeConversionTest -->
